{"D:\\FORMATION_WEB_APP\\PROJECT_FRONT_END\\Cours JS\\Cours-JS-6-6-Suite_et_Fin\\test-js\\add.js": {"path":"D:\\FORMATION_WEB_APP\\PROJECT_FRONT_END\\Cours JS\\Cours-JS-6-6-Suite_et_Fin\\test-js\\add.js","statementMap":{"0":{"start":{"line":6,"column":2},"end":{"line":6,"column":15}},"1":{"start":{"line":8,"column":0},"end":{"line":8,"column":24}}},"fnMap":{"0":{"name":"addNum","decl":{"start":{"line":5,"column":9},"end":{"line":5,"column":15}},"loc":{"start":{"line":5,"column":22},"end":{"line":7,"column":1}},"line":5}},"branchMap":{},"s":{"0":2,"1":1},"f":{"0":2},"b":{},"_coverageSchema":"1a1c01bbd47fc00a2c39e90264f33305004495a9","hash":"4b15c45d4094057b351694556c4f77ab951272ec"}
,"D:\\FORMATION_WEB_APP\\PROJECT_FRONT_END\\Cours JS\\Cours-JS-6-6-Suite_et_Fin\\test-js\\fusionArray.js": {"path":"D:\\FORMATION_WEB_APP\\PROJECT_FRONT_END\\Cours JS\\Cours-JS-6-6-Suite_et_Fin\\test-js\\fusionArray.js","statementMap":{"0":{"start":{"line":2,"column":2},"end":{"line":2,"column":28}},"1":{"start":{"line":5,"column":2},"end":{"line":5,"column":14}},"2":{"start":{"line":7,"column":0},"end":{"line":7,"column":29}}},"fnMap":{"0":{"name":"fusionArray","decl":{"start":{"line":1,"column":9},"end":{"line":1,"column":20}},"loc":{"start":{"line":1,"column":33},"end":{"line":3,"column":1}},"line":1},"1":{"name":"cloneArray","decl":{"start":{"line":4,"column":9},"end":{"line":4,"column":19}},"loc":{"start":{"line":4,"column":26},"end":{"line":6,"column":1}},"line":4}},"branchMap":{},"s":{"0":1,"1":0,"2":1},"f":{"0":1,"1":0},"b":{},"_coverageSchema":"1a1c01bbd47fc00a2c39e90264f33305004495a9","hash":"5b77fda3b81b489c56f88900a1bc0589345ee778"}
}
